Looking for git in: git
Using git 2.20.1 from git
> git rev-parse --git-dir
Open repository: /var/www/html
> git status -z -u
> git symbolic-ref --short HEAD
> git rev-parse main
> git rev-parse --symbolic-full-name main@{u}
fatal: no upstream configured for branch 'main'
> git for-each-ref --sort -committerdate --format %(refname) %(objectname) %(*objectname)
> git remote --verbose
> git config --get commit.template
> git show --textconv :authorize.php
> git ls-files --stage -- /var/www/html/authorize.php
> git check-ignore -v -z --stdin
> git cat-file -s 3ea2b20ace5146a5983dcebe6178fd5a53f00bd3
> git status -z -u
> git symbolic-ref --short HEAD
> git rev-parse main
> git rev-parse --symbolic-full-name main@{u}
fatal: no upstream configured for branch 'main'
> git for-each-ref --sort -committerdate --format %(refname) %(objectname) %(*objectname)
> git remote --verbose
> git config --get commit.template
> git status -z -u
> git symbolic-ref --short HEAD
> git rev-parse main
> git rev-parse --symbolic-full-name main@{u}
fatal: no upstream configured for branch 'main'
> git for-each-ref --sort -committerdate --format %(refname) %(objectname) %(*objectname)
> git remote --verbose
> git config --get commit.template
