[2021-02-01 12:38:40.576] [exthost] [info] extension host started
[2021-02-01 12:38:40.642] [exthost] [info] ExtensionService#_doActivateExtension vscode.debug-auto-launch {"startup":true,"extensionId":{"value":"vscode.debug-auto-launch","_lower":"vscode.debug-auto-launch"},"activationEvent":"*"}
[2021-02-01 12:38:40.642] [exthost] [info] ExtensionService#loadCommonJSModule file:///root/.vscode-server/bin/ea3859d4ba2f3e577a159bc91e3074c5d85c0523/extensions/debug-auto-launch/dist/extension
[2021-02-01 12:38:40.649] [exthost] [info] ExtensionService#_doActivateExtension vscode.emmet {"startup":true,"extensionId":{"value":"vscode.emmet","_lower":"vscode.emmet"},"activationEvent":"*"}
[2021-02-01 12:38:40.649] [exthost] [info] ExtensionService#loadCommonJSModule file:///root/.vscode-server/bin/ea3859d4ba2f3e577a159bc91e3074c5d85c0523/extensions/emmet/dist/node/emmetNodeMain
[2021-02-01 12:38:40.688] [exthost] [info] ExtensionService#_doActivateExtension vscode.git {"startup":true,"extensionId":{"value":"vscode.github","_lower":"vscode.github"},"activationEvent":"*"}
[2021-02-01 12:38:40.689] [exthost] [info] ExtensionService#loadCommonJSModule file:///root/.vscode-server/bin/ea3859d4ba2f3e577a159bc91e3074c5d85c0523/extensions/git/dist/main
[2021-02-01 12:38:40.768] [exthost] [info] ExtensionService#_doActivateExtension vscode.merge-conflict {"startup":true,"extensionId":{"value":"vscode.merge-conflict","_lower":"vscode.merge-conflict"},"activationEvent":"*"}
[2021-02-01 12:38:40.768] [exthost] [info] ExtensionService#loadCommonJSModule file:///root/.vscode-server/bin/ea3859d4ba2f3e577a159bc91e3074c5d85c0523/extensions/merge-conflict/dist/mergeConflictMain
[2021-02-01 12:38:40.773] [exthost] [info] ExtensionService#_doActivateExtension vscode.search-result {"startup":true,"extensionId":{"value":"vscode.search-result","_lower":"vscode.search-result"},"activationEvent":"*"}
[2021-02-01 12:38:40.774] [exthost] [info] ExtensionService#loadCommonJSModule file:///root/.vscode-server/bin/ea3859d4ba2f3e577a159bc91e3074c5d85c0523/extensions/search-result/dist/extension.js
[2021-02-01 12:38:40.929] [exthost] [info] ExtensionService#_doActivateExtension vscode.github {"startup":true,"extensionId":{"value":"vscode.github","_lower":"vscode.github"},"activationEvent":"*"}
[2021-02-01 12:38:40.930] [exthost] [info] ExtensionService#loadCommonJSModule file:///root/.vscode-server/bin/ea3859d4ba2f3e577a159bc91e3074c5d85c0523/extensions/github/dist/extension.js
[2021-02-01 12:38:40.972] [exthost] [info] eager extensions activated
[2021-02-01 12:38:40.979] [exthost] [info] ExtensionService#_doActivateExtension ms-vscode.js-debug {"startup":false,"extensionId":{"value":"ms-vscode.js-debug","_lower":"ms-vscode.js-debug"},"activationEvent":"onCommand:extension.js-debug.clearAutoAttachVariables"}
[2021-02-01 12:38:40.979] [exthost] [info] ExtensionService#loadCommonJSModule file:///root/.vscode-server/bin/ea3859d4ba2f3e577a159bc91e3074c5d85c0523/extensions/ms-vscode.js-debug/src/extension.js
[2021-02-01 12:38:49.951] [exthost] [info] ExtensionService#_doActivateExtension vscode.php-language-features {"startup":false,"extensionId":{"value":"vscode.php-language-features","_lower":"vscode.php-language-features"},"activationEvent":"onLanguage:php"}
[2021-02-01 12:38:49.951] [exthost] [info] ExtensionService#loadCommonJSModule file:///root/.vscode-server/bin/ea3859d4ba2f3e577a159bc91e3074c5d85c0523/extensions/php-language-features/dist/phpMain
[2021-02-01 12:38:50.402] [exthost] [warning] [Decorations] CAPPING events from decorations provider vscode.git 573
[2021-02-01 12:38:58.668] [exthost] [warning] [Decorations] CAPPING events from decorations provider vscode.git 574
[2021-02-01 12:39:16.540] [exthost] [warning] [Decorations] CAPPING events from decorations provider vscode.git 574
